<?xml version="1.0" encoding="UTF-8"?>
<!-- Generated by org.testng.reporters.JUnitReportReporter -->
<testsuite hostname="YCSLAP1132" failures="0" tests="2" name="cogmentoCRM.Web.testcases.CreateNewContactTest" time="22.442" errors="0" timestamp="2025-06-12T12:47:35 IST" skipped="0">
  <testcase classname="cogmentoCRM.Web.testcases.CreateNewContactTest" name="createNewContact" time="19.250"/>
  <testcase classname="cogmentoCRM.Web.testcases.CreateNewContactTest" name="validateCreatedContact" time="3.192"/>
</testsuite> <!-- cogmentoCRM.Web.testcases.CreateNewContactTest -->
