<?xml version="1.0" encoding="UTF-8"?>
<!-- Generated by org.testng.reporters.JUnitReportReporter -->
<testsuite hostname="YCSLAP1132" failures="0" tests="2" name="cogmentoCRM.Web.testcases.TC001_CreateNewContactTest" time="22.249" errors="0" timestamp="2025-06-12T12:29:00 IST" skipped="0">
  <testcase classname="cogmentoCRM.Web.testcases.TC001_CreateNewContactTest" name="createNewContact" time="19.050"/>
  <testcase classname="cogmentoCRM.Web.testcases.TC001_CreateNewContactTest" name="validateCreatedContact" time="3.199"/>
</testsuite> <!-- cogmentoCRM.Web.testcases.TC001_CreateNewContactTest -->
